-------------------------------------------------------------------------------
Test set: com.example.AppTest
-------------------------------------------------------------------------------
Tests run: 7, Failures: 1, Errors: 0, Skipped: 0, Time elapsed: 0.036 s <<< FAILURE! - in com.example.AppTest
errado(com.example.AppTest)  Time elapsed: 0.004 s  <<< FAILURE!
java.lang.AssertionError
	at com.example.AppTest.errado(AppTest.java:51)

