<?xml version="1.0" encoding="UTF-8"?>
<testsuite xmlns:xsi="http://www.w3.org/2001/XMLSchema-instance" xsi:noNamespaceSchemaLocation="https://maven.apache.org/surefire/maven-surefire-plugin/xsd/surefire-test-report.xsd" name="com.example.AppTest" time="0.036" tests="7" errors="0" skipped="0" failures="1">
  <properties>
[...]
</properties>
  <testcase name="divideTest" classname="com.example.AppTest" time="0.001"/>
  <testcase name="arrayFoundTest" classname="com.example.AppTest" time="0"/>
  <testcase name="shouldAnswerWithTrue" classname="com.example.AppTest" time="0"/>
  <testcase name="errado" classname="com.example.AppTest" time="0.004">
    <failure type="java.lang.AssertionError">java.lang.AssertionError
	at com.example.AppTest.errado(AppTest.java:51)
</failure>
  </testcase>
  <testcase name="addTest" classname="com.example.AppTest" time="0"/>
  <testcase name="subtractTest" classname="com.example.AppTest" time="0"/>
  <testcase name="arrayNotFoundTest" classname="com.example.AppTest" time="0"/>
</testsuite>